<?xml version="1.0" encoding="UTF-8"?>
<!-- Generated by org.testng.reporters.JUnitXMLReporter -->
<testsuite ignored="0" hostname="IN-FVFGWNG8Q05D-2.local" failures="0" tests="4" name="Default test" time="11.311" errors="0" timestamp="2023-03-14T12:43:39 IST">
  <testcase classname="api.test.UserTests" name="testPostUser" time="4.29"/>
  <testcase classname="api.test.UserTests" name="testGetUserByName" time="1.784"/>
  <testcase classname="api.test.UserTests" name="testUpdateUserByName" time="3.237"/>
  <testcase classname="api.test.UserTests" name="testDeleteUserByName" time="1.496"/>
</testsuite> <!-- Default test -->
